<?xml version="1.0" encoding="UTF-8"?>
<!-- Generated by org.testng.reporters.JUnitReportReporter -->
<testsuite hostname="LAPTOP-9FCANJ1H" failures="0" tests="2" name="com.htc.ReadDemoExcel.Test.TestRegistration" time="7.272" errors="0" timestamp="2021-02-21T14:23:00 IST" skipped="1">
  <testcase classname="com.htc.ReadDemoExcel.Test.TestRegistration" name="testBrowserStackSignin_InValidloginCredential_ShouldErrorInSigninPage" time="7.272"/>
  <system-out/>
  <testcase classname="com.htc.ReadDemoExcel.Test.TestRegistration" name="testBrowserStackSignin_ValidloginCredential_ShouldDisplayDashboard">
    <skipped/>
  </testcase> <!-- testBrowserStackSignin_ValidloginCredential_ShouldDisplayDashboard -->
  <system-out/>
</testsuite> <!-- com.htc.ReadDemoExcel.Test.TestRegistration -->
